<?xml version="1.0" encoding="UTF-8"?>
<testng-results skipped="0" failed="0" ignored="0" total="4" passed="4">
  <reporter-output>
  </reporter-output>
  <suite name="Suite" duration-ms="88" started-at="2020-05-10T22:10:47 IST" finished-at="2020-05-10T22:10:47 IST">
    <groups>
    </groups>
    <test name="Test" duration-ms="88" started-at="2020-05-10T22:10:47 IST" finished-at="2020-05-10T22:10:47 IST">
      <class name="qaclickacademy.AppiumTest">
        <test-method status="PASS" signature="IOSApps()[pri:0, instance:qaclickacademy.AppiumTest@20398b7c]" name="IOSApps" duration-ms="10" started-at="2020-05-10T22:10:47 IST" finished-at="2020-05-10T22:10:47 IST">
          <reporter-output>
          </reporter-output>
        </test-method> <!-- IOSApps -->
        <test-method status="PASS" signature="NativeAppAndroid()[pri:0, instance:qaclickacademy.AppiumTest@20398b7c]" name="NativeAppAndroid" duration-ms="0" started-at="2020-05-10T22:10:47 IST" finished-at="2020-05-10T22:10:47 IST">
          <reporter-output>
          </reporter-output>
        </test-method> <!-- NativeAppAndroid -->
      </class> <!-- qaclickacademy.AppiumTest -->
      <class name="qaclickacademy.SeleniumTest">
        <test-method status="PASS" signature="elementsUi()[pri:0, instance:qaclickacademy.SeleniumTest@6fc6f14e]" name="elementsUi" duration-ms="0" started-at="2020-05-10T22:10:47 IST" finished-at="2020-05-10T22:10:47 IST">
          <reporter-output>
          </reporter-output>
        </test-method> <!-- elementsUi -->
        <test-method status="PASS" signature="BrowserAutomation()[pri:0, instance:qaclickacademy.SeleniumTest@6fc6f14e]" name="BrowserAutomation" duration-ms="0" started-at="2020-05-10T22:10:47 IST" finished-at="2020-05-10T22:10:47 IST">
          <reporter-output>
          </reporter-output>
        </test-method> <!-- BrowserAutomation -->
      </class> <!-- qaclickacademy.SeleniumTest -->
    </test> <!-- Test -->
  </suite> <!-- Suite -->
</testng-results>
